kotlin version: 2.0.21
error message: org.jetbrains.kotlin.backend.common.BackendException: Backend Internal error: Exception during IR lowering
File being compiled: /home/gideon/Documents/projects/androidProjects/Omdb/app/src/main/java/com/don/omdb/ui/theme/Theme.kt
The root cause java.lang.RuntimeException was thrown at: org.jetbrains.kotlin.backend.jvm.codegen.FunctionCodegen.generate(FunctionCodegen.kt:47)
	at org.jetbrains.kotlin.backend.common.CodegenUtil.reportBackendException(CodegenUtil.kt:253)
	at org.jetbrains.kotlin.backend.common.CodegenUtil.reportBackendException$default(CodegenUtil.kt:236)
	at org.jetbrains.kotlin.backend.common.phaser.PerformByIrFilePhase.invokeSequential(performByIrFile.kt:65)
	at org.jetbrains.kotlin.backend.common.phaser.PerformByIrFilePhase.invoke(performByIrFile.kt:52)
	at org.jetbrains.kotlin.backend.common.phaser.PerformByIrFilePhase.invoke(performByIrFile.kt:38)
	at org.jetbrains.kotlin.backend.common.phaser.NamedCompilerPhase.phaseBody(CompilerPhase.kt:166)
	at org.jetbrains.kotlin.backend.common.phaser.AbstractNamedCompilerPhase.invoke(CompilerPhase.kt:113)
	at org.jetbrains.kotlin.backend.common.phaser.CompositePhase.invoke(PhaseBuilders.kt:27)
	at org.jetbrains.kotlin.backend.common.phaser.CompositePhase.invoke(PhaseBuilders.kt:14)
	at org.jetbrains.kotlin.backend.common.phaser.NamedCompilerPhase.phaseBody(CompilerPhase.kt:166)
	at org.jetbrains.kotlin.backend.common.phaser.AbstractNamedCompilerPhase.invoke(CompilerPhase.kt:113)
	at org.jetbrains.kotlin.backend.common.phaser.CompilerPhaseKt.invokeToplevel(CompilerPhase.kt:62)
	at org.jetbrains.kotlin.backend.jvm.JvmIrCodegenFactory.invokeCodegen(JvmIrCodegenFactory.kt:371)
	at org.jetbrains.kotlin.codegen.CodegenFactory.generateModule(CodegenFactory.kt:47)
	at org.jetbrains.kotlin.backend.jvm.JvmIrCodegenFactory.generateModuleInFrontendIRMode(JvmIrCodegenFactory.kt:433)
	at org.jetbrains.kotlin.cli.jvm.compiler.pipeline.JvmCompilerPipelineKt.generateCodeFromIr(jvmCompilerPipeline.kt:246)
	at org.jetbrains.kotlin.cli.jvm.compiler.pipeline.JvmCompilerPipelineKt.compileModulesUsingFrontendIrAndLightTree(jvmCompilerPipeline.kt:142)
	at org.jetbrains.kotlin.cli.jvm.K2JVMCompiler.doExecute(K2JVMCompiler.kt:148)
	at org.jetbrains.kotlin.cli.jvm.K2JVMCompiler.doExecute(K2JVMCompiler.kt:43)
	at org.jetbrains.kotlin.cli.common.CLICompiler.execImpl(CLICompiler.kt:103)
	at org.jetbrains.kotlin.cli.common.CLICompiler.execImpl(CLICompiler.kt:49)
	at org.jetbrains.kotlin.cli.common.CLITool.exec(CLITool.kt:101)
	at org.jetbrains.kotlin.incremental.IncrementalJvmCompilerRunner.runCompiler(IncrementalJvmCompilerRunner.kt:464)
	at org.jetbrains.kotlin.incremental.IncrementalJvmCompilerRunner.runCompiler(IncrementalJvmCompilerRunner.kt:73)
	at org.jetbrains.kotlin.incremental.IncrementalCompilerRunner.doCompile(IncrementalCompilerRunner.kt:506)
	at org.jetbrains.kotlin.incremental.IncrementalCompilerRunner.compileImpl(IncrementalCompilerRunner.kt:423)
	at org.jetbrains.kotlin.incremental.IncrementalCompilerRunner.compileNonIncrementally(IncrementalCompilerRunner.kt:301)
	at org.jetbrains.kotlin.incremental.IncrementalCompilerRunner.compile(IncrementalCompilerRunner.kt:129)
	at org.jetbrains.kotlin.daemon.CompileServiceImplBase.execIncrementalCompiler(CompileServiceImpl.kt:675)
	at org.jetbrains.kotlin.daemon.CompileServiceImplBase.access$execIncrementalCompiler(CompileServiceImpl.kt:92)
	at org.jetbrains.kotlin.daemon.CompileServiceImpl.compile(CompileServiceImpl.kt:1660)
	at java.base/jdk.internal.reflect.DirectMethodHandleAccessor.invoke(Unknown Source)
	at java.base/java.lang.reflect.Method.invoke(Unknown Source)
	at java.rmi/sun.rmi.server.UnicastServerRef.dispatch(Unknown Source)
	at java.rmi/sun.rmi.transport.Transport$1.run(Unknown Source)
	at java.rmi/sun.rmi.transport.Transport$1.run(Unknown Source)
	at java.base/java.security.AccessController.doPrivileged(Unknown Source)
	at java.rmi/sun.rmi.transport.Transport.serviceCall(Unknown Source)
	at java.rmi/sun.rmi.transport.tcp.TCPTransport.handleMessages(Unknown Source)
	at java.rmi/sun.rmi.transport.tcp.TCPTransport$ConnectionHandler.run0(Unknown Source)
	at java.rmi/sun.rmi.transport.tcp.TCPTransport$ConnectionHandler.lambda$run$0(Unknown Source)
	at java.base/java.security.AccessController.doPrivileged(Unknown Source)
	at java.rmi/sun.rmi.transport.tcp.TCPTransport$ConnectionHandler.run(Unknown Source)
	at java.base/java.util.concurrent.ThreadPoolExecutor.runWorker(Unknown Source)
	at java.base/java.util.concurrent.ThreadPoolExecutor$Worker.run(Unknown Source)
	at java.base/java.lang.Thread.run(Unknown Source)
Caused by: java.lang.RuntimeException: Exception while generating code for:
FUN name:selectSchemeForContrast visibility:public modality:FINAL <> (isDark:kotlin.Boolean) returnType:androidx.compose.material3.ColorScheme
  annotations:
    Composable
  VALUE_PARAMETER name:isDark index:0 type:kotlin.Boolean
  BLOCK_BODY
    VAR name:context type:android.content.Context [val]
      CALL 'public final fun <get-current> (): T of androidx.compose.runtime.CompositionLocal [inline] declared in androidx.compose.runtime.CompositionLocal' type=android.content.Context origin=GET_PROPERTY
        $this: TYPE_OP type=androidx.compose.runtime.CompositionLocal<T of androidx.compose.runtime.CompositionLocal> origin=IMPLICIT_CAST typeOperand=androidx.compose.runtime.CompositionLocal<T of androidx.compose.runtime.CompositionLocal>
          CALL 'public final fun <get-LocalContext> (): androidx.compose.runtime.ProvidableCompositionLocal<android.content.Context> declared in androidx.compose.ui.platform.AndroidCompositionLocals_androidKt' type=androidx.compose.runtime.ProvidableCompositionLocal<android.content.Context> origin=GET_PROPERTY
    VAR name:colorScheme type:androidx.compose.material3.ColorScheme [var]
      WHEN type=androidx.compose.material3.ColorScheme origin=IF
        BRANCH
          if: GET_VAR 'isDark: kotlin.Boolean declared in com.don.omdb.ui.theme.ThemeKt.selectSchemeForContrast' type=kotlin.Boolean origin=null
          then: GET_FIELD 'FIELD PROPERTY_BACKING_FIELD name:darkScheme type:androidx.compose.material3.ColorScheme visibility:private [final,static]' type=androidx.compose.material3.ColorScheme origin=null
        BRANCH
          if: CONST Boolean type=kotlin.Boolean value=true
          then: GET_FIELD 'FIELD PROPERTY_BACKING_FIELD name:lightScheme type:androidx.compose.material3.ColorScheme visibility:private [final,static]' type=androidx.compose.material3.ColorScheme origin=null
    VAR name:isPreview type:kotlin.Boolean [val]
      CALL 'public final fun <get-current> (): T of androidx.compose.runtime.CompositionLocal [inline] declared in androidx.compose.runtime.CompositionLocal' type=kotlin.Boolean origin=GET_PROPERTY
        $this: TYPE_OP type=androidx.compose.runtime.CompositionLocal<T of androidx.compose.runtime.CompositionLocal> origin=IMPLICIT_CAST typeOperand=androidx.compose.runtime.CompositionLocal<T of androidx.compose.runtime.CompositionLocal>
          CALL 'public final fun <get-LocalInspectionMode> (): androidx.compose.runtime.ProvidableCompositionLocal<kotlin.Boolean> declared in androidx.compose.ui.platform.InspectionModeKt' type=androidx.compose.runtime.ProvidableCompositionLocal<kotlin.Boolean> origin=GET_PROPERTY
    WHEN type=kotlin.Nothing origin=IF
      BRANCH
        if: CALL 'public final fun ANDAND (arg0: kotlin.Boolean, arg1: kotlin.Boolean): kotlin.Boolean declared in kotlin.internal.ir' type=kotlin.Boolean origin=null
          arg0: CALL 'public final fun not (): kotlin.Boolean [operator] declared in kotlin.Boolean' type=kotlin.Boolean origin=null
            $this: GET_VAR 'val isPreview: kotlin.Boolean [val] declared in com.don.omdb.ui.theme.ThemeKt.selectSchemeForContrast' type=kotlin.Boolean origin=null
          arg1: CALL 'public final fun isContrastAvailable (): kotlin.Boolean declared in com.don.omdb.ui.theme.ThemeKt' type=kotlin.Boolean origin=null
        then: BLOCK type=kotlin.Unit origin=null
          VAR name:uiModeManager type:android.app.UiModeManager [val]
            BLOCK type=android.app.UiModeManager origin=null
              VAR IR_TEMPORARY_VARIABLE name:tmp0 type:kotlin.Any? [val]
                CALL 'public abstract fun getSystemService (p0: @[EnhancedNullability] kotlin.String): @[FlexibleNullability] kotlin.Any? declared in android.content.Context' type=@[FlexibleNullability] kotlin.Any? origin=null
                  $this: GET_VAR 'val context: android.content.Context [val] declared in com.don.omdb.ui.theme.ThemeKt.selectSchemeForContrast' type=android.content.Context origin=null
                  p0: CONST String type=kotlin.String value="uimode"
              CALL 'public final fun checkNotNull (object: kotlin.Any?, message: kotlin.String): kotlin.Unit declared in kotlin.jvm.internal.Intrinsics' type=kotlin.Unit origin=null
                object: GET_VAR 'val tmp0: kotlin.Any? [val] declared in com.don.omdb.ui.theme.ThemeKt.selectSchemeForContrast' type=kotlin.Any? origin=null
                message: CONST String type=kotlin.String value="null cannot be cast to non-null type android.app.UiModeManager"
              TYPE_OP type=android.app.UiModeManager? origin=CAST typeOperand=android.app.UiModeManager?
                GET_VAR 'val tmp0: kotlin.Any? [val] declared in com.don.omdb.ui.theme.ThemeKt.selectSchemeForContrast' type=kotlin.Any? origin=null
          VAR name:contrastLevel type:kotlin.Float [val]
            CALL 'public open fun getContrast (): kotlin.Float declared in android.app.UiModeManager' type=kotlin.Float origin=GET_PROPERTY
              $this: GET_VAR 'val uiModeManager: android.app.UiModeManager [val] declared in com.don.omdb.ui.theme.ThemeKt.selectSchemeForContrast' type=android.app.UiModeManager origin=null
          SET_VAR 'var colorScheme: androidx.compose.material3.ColorScheme [var] declared in com.don.omdb.ui.theme.ThemeKt.selectSchemeForContrast' type=kotlin.Unit origin=EQ
            BLOCK type=androidx.compose.material3.ColorScheme origin=WHEN
              VAR IR_TEMPORARY_VARIABLE name:tmp0_subject type:kotlin.Float [val]
                GET_VAR 'val contrastLevel: kotlin.Float [val] declared in com.don.omdb.ui.theme.ThemeKt.selectSchemeForContrast' type=kotlin.Float origin=null
              WHEN type=androidx.compose.material3.ColorScheme origin=WHEN
                BRANCH
                  if: WHEN type=kotlin.Boolean origin=IN
                    BRANCH
                      if: CALL 'public final fun lessOrEqual (arg0: kotlin.Float, arg1: kotlin.Float): kotlin.Boolean declared in kotlin.internal.ir' type=kotlin.Boolean origin=null
                        arg0: CONST Float type=kotlin.Float value=0.0
                        arg1: GET_VAR 'val tmp0_subject: kotlin.Float [val] declared in com.don.omdb.ui.theme.ThemeKt.selectSchemeForContrast' type=kotlin.Float origin=null
                      then: CALL 'public final fun lessOrEqual (arg0: kotlin.Float, arg1: kotlin.Float): kotlin.Boolean declared in kotlin.internal.ir' type=kotlin.Boolean origin=null
                        arg0: GET_VAR 'val tmp0_subject: kotlin.Float [val] declared in com.don.omdb.ui.theme.ThemeKt.selectSchemeForContrast' type=kotlin.Float origin=null
                        arg1: CONST Float type=kotlin.Float value=0.33
                    BRANCH
                      if: CONST Boolean type=kotlin.Boolean value=true
                      then: CONST Boolean type=kotlin.Boolean value=false
                  then: WHEN type=androidx.compose.material3.ColorScheme origin=IF
                    BRANCH
                      if: GET_VAR 'isDark: kotlin.Boolean declared in com.don.omdb.ui.theme.ThemeKt.selectSchemeForContrast' type=kotlin.Boolean origin=null
                      then: GET_FIELD 'FIELD PROPERTY_BACKING_FIELD name:darkScheme type:androidx.compose.material3.ColorScheme visibility:private [final,static]' type=androidx.compose.material3.ColorScheme origin=null
                    BRANCH
                      if: CONST Boolean type=kotlin.Boolean value=true
                      then: GET_FIELD 'FIELD PROPERTY_BACKING_FIELD name:lightScheme type:androidx.compose.material3.ColorScheme visibility:private [final,static]' type=androidx.compose.material3.ColorScheme origin=null
                BRANCH
                  if: WHEN type=kotlin.Boolean origin=IN
                    BRANCH
                      if: CALL 'public final fun lessOrEqual (arg0: kotlin.Float, arg1: kotlin.Float): kotlin.Boolean declared in kotlin.internal.ir' type=kotlin.Boolean origin=null
                        arg0: CONST Float type=kotlin.Float value=0.34
                        arg1: GET_VAR 'val tmp0_subject: kotlin.Float [val] declared in com.don.omdb.ui.theme.ThemeKt.selectSchemeForContrast' type=kotlin.Float origin=null
                      then: CALL 'public final fun lessOrEqual (arg0: kotlin.Float, arg1: kotlin.Float): kotlin.Boolean declared in kotlin.internal.ir' type=kotlin.Boolean origin=null
                        arg0: GET_VAR 'val tmp0_subject: kotlin.Float [val] declared in com.don.omdb.ui.theme.ThemeKt.selectSchemeForContrast' type=kotlin.Float origin=null
                        arg1: CONST Float type=kotlin.Float value=0.66
                    BRANCH
                      if: CONST Boolean type=kotlin.Boolean value=true
                      then: CONST Boolean type=kotlin.Boolean value=false
                  then: WHEN type=androidx.compose.material3.ColorScheme origin=IF
                    BRANCH
                      if: GET_VAR 'isDark: kotlin.Boolean declared in com.don.omdb.ui.theme.ThemeKt.selectSchemeForContrast' type=kotlin.Boolean origin=null
                      then: GET_FIELD 'FIELD PROPERTY_BACKING_FIELD name:mediumContrastDarkColorScheme type:androidx.compose.material3.ColorScheme visibility:private [final,static]' type=androidx.compose.material3.ColorScheme origin=null
                    BRANCH
                      if: CONST Boolean type=kotlin.Boolean value=true
                      then: GET_FIELD 'FIELD PROPERTY_BACKING_FIELD name:mediumContrastLightColorScheme type:androidx.compose.material3.ColorScheme visibility:private [final,static]' type=androidx.compose.material3.ColorScheme origin=null
                BRANCH
                  if: WHEN type=kotlin.Boolean origin=IN
                    BRANCH
                      if: CALL 'public final fun lessOrEqual (arg0: kotlin.Float, arg1: kotlin.Float): kotlin.Boolean declared in kotlin.internal.ir' type=kotlin.Boolean origin=null
                        arg0: CONST Float type=kotlin.Float value=0.67
                        arg1: GET_VAR 'val tmp0_subject: kotlin.Float [val] declared in com.don.omdb.ui.theme.ThemeKt.selectSchemeForContrast' type=kotlin.Float origin=null
                      then: CALL 'public final fun lessOrEqual (arg0: kotlin.Float, arg1: kotlin.Float): kotlin.Boolean declared in kotlin.internal.ir' type=kotlin.Boolean origin=null
                        arg0: GET_VAR 'val tmp0_subject: kotlin.Float [val] declared in com.don.omdb.ui.theme.ThemeKt.selectSchemeForContrast' type=kotlin.Float origin=null
                        arg1: CONST Float type=kotlin.Float value=1.0
                    BRANCH
                      if: CONST Boolean type=kotlin.Boolean value=true
                      then: CONST Boolean type=kotlin.Boolean value=false
                  then: WHEN type=androidx.compose.material3.ColorScheme origin=IF
                    BRANCH
                      if: GET_VAR 'isDark: kotlin.Boolean declared in com.don.omdb.ui.theme.ThemeKt.selectSchemeForContrast' type=kotlin.Boolean origin=null
                      then: GET_FIELD 'FIELD PROPERTY_BACKING_FIELD name:highContrastDarkColorScheme type:androidx.compose.material3.ColorScheme visibility:private [final,static]' type=androidx.compose.material3.ColorScheme origin=null
                    BRANCH
                      if: CONST Boolean type=kotlin.Boolean value=true
                      then: GET_FIELD 'FIELD PROPERTY_BACKING_FIELD name:highContrastLightColorScheme type:androidx.compose.material3.ColorScheme visibility:private [final,static]' type=androidx.compose.material3.ColorScheme origin=null
                BRANCH
                  if: CONST Boolean type=kotlin.Boolean value=true
                  then: WHEN type=androidx.compose.material3.ColorScheme origin=IF
                    BRANCH
                      if: GET_VAR 'isDark: kotlin.Boolean declared in com.don.omdb.ui.theme.ThemeKt.selectSchemeForContrast' type=kotlin.Boolean origin=null
                      then: GET_FIELD 'FIELD PROPERTY_BACKING_FIELD name:darkScheme type:androidx.compose.material3.ColorScheme visibility:private [final,static]' type=androidx.compose.material3.ColorScheme origin=null
                    BRANCH
                      if: CONST Boolean type=kotlin.Boolean value=true
                      then: GET_FIELD 'FIELD PROPERTY_BACKING_FIELD name:lightScheme type:androidx.compose.material3.ColorScheme visibility:private [final,static]' type=androidx.compose.material3.ColorScheme origin=null
          RETURN type=kotlin.Nothing from='public final fun selectSchemeForContrast (isDark: kotlin.Boolean): androidx.compose.material3.ColorScheme declared in com.don.omdb.ui.theme.ThemeKt'
            GET_VAR 'var colorScheme: androidx.compose.material3.ColorScheme [var] declared in com.don.omdb.ui.theme.ThemeKt.selectSchemeForContrast' type=androidx.compose.material3.ColorScheme origin=null
      BRANCH
        if: CONST Boolean type=kotlin.Boolean value=true
        then: RETURN type=kotlin.Nothing from='public final fun selectSchemeForContrast (isDark: kotlin.Boolean): androidx.compose.material3.ColorScheme declared in com.don.omdb.ui.theme.ThemeKt'
          GET_VAR 'var colorScheme: androidx.compose.material3.ColorScheme [var] declared in com.don.omdb.ui.theme.ThemeKt.selectSchemeForContrast' type=androidx.compose.material3.ColorScheme origin=null

	at org.jetbrains.kotlin.backend.jvm.codegen.FunctionCodegen.generate(FunctionCodegen.kt:47)
	at org.jetbrains.kotlin.backend.jvm.codegen.FunctionCodegen.generate$default(FunctionCodegen.kt:40)
	at org.jetbrains.kotlin.backend.jvm.codegen.ClassCodegen.generateMethodNode(ClassCodegen.kt:406)
	at org.jetbrains.kotlin.backend.jvm.codegen.ClassCodegen.generateMethod(ClassCodegen.kt:423)
	at org.jetbrains.kotlin.backend.jvm.codegen.ClassCodegen.generate(ClassCodegen.kt:168)
	at org.jetbrains.kotlin.backend.jvm.FileCodegen.lower(JvmPhases.kt:39)
	at org.jetbrains.kotlin.backend.common.phaser.PhaseFactoriesKt.createFilePhase$lambda$4(PhaseFactories.kt:71)
	at org.jetbrains.kotlin.backend.common.phaser.PhaseBuildersKt$createSimpleNamedCompilerPhase$1.phaseBody(PhaseBuilders.kt:69)
	at org.jetbrains.kotlin.backend.common.phaser.SimpleNamedCompilerPhase.phaseBody(CompilerPhase.kt:226)
	at org.jetbrains.kotlin.backend.common.phaser.AbstractNamedCompilerPhase.invoke(CompilerPhase.kt:113)
	at org.jetbrains.kotlin.backend.common.phaser.PerformByIrFilePhase.invokeSequential(performByIrFile.kt:62)
	... 43 more
Caused by: org.jetbrains.kotlin.codegen.CompilationException: Back-end (JVM) Internal error: Couldn't inline method call: CALL 'public final fun <get-current> (): T of androidx.compose.runtime.CompositionLocal [inline] declared in androidx.compose.runtime.CompositionLocal' type=android.content.Context origin=GET_PROPERTY
Method: null
File is unknown
The root cause java.lang.IllegalStateException was thrown at: org.jetbrains.kotlin.codegen.inline.SourceCompilerForInlineKt.getMethodNode(SourceCompilerForInline.kt:118)
	at org.jetbrains.kotlin.codegen.inline.InlineCodegen.performInline(InlineCodegen.kt:65)
	at org.jetbrains.kotlin.backend.jvm.codegen.IrInlineCodegen.genInlineCall(IrInlineCodegen.kt:163)
	at org.jetbrains.kotlin.backend.jvm.codegen.IrInlineCallGenerator.genCall(IrInlineCallGenerator.kt:36)
	at org.jetbrains.kotlin.backend.jvm.codegen.ExpressionCodegen.visitCall(ExpressionCodegen.kt:653)
	at org.jetbrains.kotlin.backend.jvm.codegen.ExpressionCodegen.visitCall(ExpressionCodegen.kt:138)
	at org.jetbrains.kotlin.ir.expressions.IrCall.accept(IrCall.kt:24)
	at org.jetbrains.kotlin.backend.jvm.codegen.ExpressionCodegen.visitVariable(ExpressionCodegen.kt:790)
	at org.jetbrains.kotlin.backend.jvm.codegen.ExpressionCodegen.visitVariable(ExpressionCodegen.kt:138)
	at org.jetbrains.kotlin.ir.declarations.IrVariable.accept(IrVariable.kt:36)
	at org.jetbrains.kotlin.backend.jvm.codegen.ExpressionCodegen.visitStatementContainer(ExpressionCodegen.kt:579)
	at org.jetbrains.kotlin.backend.jvm.codegen.ExpressionCodegen.visitBlockBody(ExpressionCodegen.kt:584)
	at org.jetbrains.kotlin.backend.jvm.codegen.ExpressionCodegen.visitBlockBody(ExpressionCodegen.kt:138)
	at org.jetbrains.kotlin.ir.expressions.IrBlockBody.accept(IrBlockBody.kt:20)
	at org.jetbrains.kotlin.backend.jvm.codegen.ExpressionCodegen.generate(ExpressionCodegen.kt:240)
	at org.jetbrains.kotlin.backend.jvm.codegen.FunctionCodegen.doGenerate(FunctionCodegen.kt:123)
	at org.jetbrains.kotlin.backend.jvm.codegen.FunctionCodegen.generate(FunctionCodegen.kt:44)
	... 53 more
Caused by: java.lang.IllegalStateException: couldn't find inline method Landroidx/compose/runtime/CompositionLocal;.getCurrent()Ljava/lang/Object;
	at org.jetbrains.kotlin.codegen.inline.SourceCompilerForInlineKt.getMethodNode(SourceCompilerForInline.kt:118)
	at org.jetbrains.kotlin.codegen.inline.SourceCompilerForInlineKt.loadCompiledInlineFunction(SourceCompilerForInline.kt:96)
	at org.jetbrains.kotlin.backend.jvm.codegen.IrSourceCompilerForInline.compileInlineFunction(IrSourceCompilerForInline.kt:91)
	at org.jetbrains.kotlin.codegen.inline.InlineCodegen.compileInline(InlineCodegen.kt:43)
	at org.jetbrains.kotlin.codegen.inline.InlineCodegen.performInline(InlineCodegen.kt:51)
	... 68 more


